This is pdfTeX, Version 3.14159265-2.6-1.40.18 (TeX Live 2017/W32TeX) (preloaded format=pdflatex 2017.8.2)  9 FEB 2018 13:06
entering extended mode
 restricted \write18 enabled.
 %&-line parsing enabled.
**./demo.tex
(./demo.tex
LaTeX2e <2017-04-15>
Babel <3.10> and hyphenation patterns for 84 language(s) loaded.
(c:/texlive/2017/texmf-dist/tex/latex/beamer/beamer.cls
Document Class: beamer 2017/01/23 v3.41 A class for typesetting presentations
(c:/texlive/2017/texmf-dist/tex/latex/etoolbox/etoolbox.sty
Package: etoolbox 2017/01/02 v2.4 e-TeX tools for LaTeX (JAW)
\etb@tempcnta=\count79
)
(c:/texlive/2017/texmf-dist/tex/latex/beamer/beamerbasemodes.sty
\beamer@tempbox=\box26
\beamer@tempcount=\count80
\c@beamerpauses=\count81

(c:/texlive/2017/texmf-dist/tex/latex/beamer/beamerbasedecode.sty
\beamer@slideinframe=\count82
\beamer@minimum=\count83
)
\beamer@commentbox=\box27
\beamer@modecount=\count84
)
(c:/texlive/2017/texmf-dist/tex/generic/oberdiek/ifpdf.sty
Package: ifpdf 2017/03/15 v3.2 Provides the ifpdf switch
)
\headheight=\dimen102
\headdp=\dimen103
\footheight=\dimen104
\sidebarheight=\dimen105
\beamer@tempdim=\dimen106
\beamer@finalheight=\dimen107
\beamer@animht=\dimen108
\beamer@animdp=\dimen109
\beamer@animwd=\dimen110
\beamer@leftmargin=\dimen111
\beamer@rightmargin=\dimen112
\beamer@leftsidebar=\dimen113
\beamer@rightsidebar=\dimen114
\beamer@boxsize=\dimen115
\beamer@vboxoffset=\dimen116
\beamer@descdefault=\dimen117
\beamer@descriptionwidth=\dimen118
\beamer@lastskip=\skip41
\beamer@areabox=\box28
\beamer@animcurrent=\box29
\beamer@animshowbox=\box30
\beamer@sectionbox=\box31
\beamer@logobox=\box32
\beamer@linebox=\box33
\beamer@sectioncount=\count85
\beamer@subsubsectionmax=\count86
\beamer@subsectionmax=\count87
\beamer@sectionmax=\count88
\beamer@totalheads=\count89
\beamer@headcounter=\count90
\beamer@partstartpage=\count91
\beamer@sectionstartpage=\count92
\beamer@subsectionstartpage=\count93
\beamer@animationtempa=\count94
\beamer@animationtempb=\count95
\beamer@xpos=\count96
\beamer@ypos=\count97
\beamer@showpartnumber=\count98
\beamer@currentsubsection=\count99
\beamer@coveringdepth=\count100
\beamer@sectionadjust=\count101
\beamer@tocsectionnumber=\count102

(c:/texlive/2017/texmf-dist/tex/latex/beamer/beamerbaseoptions.sty
(c:/texlive/2017/texmf-dist/tex/latex/graphics/keyval.sty
Package: keyval 2014/10/28 v1.15 key=value parser (DPC)
\KV@toks@=\toks14
))
\beamer@paperwidth=\skip42
\beamer@paperheight=\skip43

(c:/texlive/2017/texmf-dist/tex/latex/geometry/geometry.sty
Package: geometry 2010/09/12 v5.6 Page Geometry

(c:/texlive/2017/texmf-dist/tex/generic/oberdiek/ifvtex.sty
Package: ifvtex 2016/05/16 v1.6 Detect VTeX and its facilities (HO)
Package ifvtex Info: VTeX not detected.
)
(c:/texlive/2017/texmf-dist/tex/generic/ifxetex/ifxetex.sty
Package: ifxetex 2010/09/12 v0.6 Provides ifxetex conditional
)
\Gm@cnth=\count103
\Gm@cntv=\count104
\c@Gm@tempcnt=\count105
\Gm@bindingoffset=\dimen119
\Gm@wd@mp=\dimen120
\Gm@odd@mp=\dimen121
\Gm@even@mp=\dimen122
\Gm@layoutwidth=\dimen123
\Gm@layoutheight=\dimen124
\Gm@layouthoffset=\dimen125
\Gm@layoutvoffset=\dimen126
\Gm@dimlist=\toks15
)
(c:/texlive/2017/texmf-dist/tex/latex/base/size10.clo
File: size10.clo 2014/09/29 v1.4h Standard LaTeX file (size option)
)
(c:/texlive/2017/texmf-dist/tex/latex/pgf/basiclayer/pgfcore.sty
(c:/texlive/2017/texmf-dist/tex/latex/graphics/graphicx.sty
Package: graphicx 2014/10/28 v1.0g Enhanced LaTeX Graphics (DPC,SPQR)

(c:/texlive/2017/texmf-dist/tex/latex/graphics/graphics.sty
Package: graphics 2017/04/14 v1.1b Standard LaTeX Graphics (DPC,SPQR)

(c:/texlive/2017/texmf-dist/tex/latex/graphics/trig.sty
Package: trig 2016/01/03 v1.10 sin cos tan (DPC)
)
(c:/texlive/2017/texmf-dist/tex/latex/graphics-cfg/graphics.cfg
File: graphics.cfg 2016/06/04 v1.11 sample graphics configuration
)
Package graphics Info: Driver file: pdftex.def on input line 99.

(c:/texlive/2017/texmf-dist/tex/latex/graphics-def/pdftex.def
File: pdftex.def 2017/01/12 v0.06k Graphics/color for pdfTeX

(c:/texlive/2017/texmf-dist/tex/generic/oberdiek/infwarerr.sty
Package: infwarerr 2016/05/16 v1.4 Providing info/warning/error messages (HO)
)
(c:/texlive/2017/texmf-dist/tex/generic/oberdiek/ltxcmds.sty
Package: ltxcmds 2016/05/16 v1.23 LaTeX kernel commands for general use (HO)
)
\Gread@gobject=\count106
))
\Gin@req@height=\dimen127
\Gin@req@width=\dimen128
)
(c:/texlive/2017/texmf-dist/tex/latex/pgf/systemlayer/pgfsys.sty
(c:/texlive/2017/texmf-dist/tex/latex/pgf/utilities/pgfrcs.sty
(c:/texlive/2017/texmf-dist/tex/generic/pgf/utilities/pgfutil-common.tex
\pgfutil@everybye=\toks16
\pgfutil@tempdima=\dimen129
\pgfutil@tempdimb=\dimen130

(c:/texlive/2017/texmf-dist/tex/generic/pgf/utilities/pgfutil-common-lists.tex)
) (c:/texlive/2017/texmf-dist/tex/generic/pgf/utilities/pgfutil-latex.def
\pgfutil@abb=\box34

(c:/texlive/2017/texmf-dist/tex/latex/ms/everyshi.sty
Package: everyshi 2001/05/15 v3.00 EveryShipout Package (MS)
))
(c:/texlive/2017/texmf-dist/tex/generic/pgf/utilities/pgfrcs.code.tex
Package: pgfrcs 2015/08/07 v3.0.1a (rcs-revision 1.31)
))
(c:/texlive/2017/texmf-dist/tex/generic/pgf/systemlayer/pgfsys.code.tex
Package: pgfsys 2014/07/09 v3.0.1a (rcs-revision 1.48)

(c:/texlive/2017/texmf-dist/tex/generic/pgf/utilities/pgfkeys.code.tex
\pgfkeys@pathtoks=\toks17
\pgfkeys@temptoks=\toks18

(c:/texlive/2017/texmf-dist/tex/generic/pgf/utilities/pgfkeysfiltered.code.tex
\pgfkeys@tmptoks=\toks19
))
\pgf@x=\dimen131
\pgf@y=\dimen132
\pgf@xa=\dimen133
\pgf@ya=\dimen134
\pgf@xb=\dimen135
\pgf@yb=\dimen136
\pgf@xc=\dimen137
\pgf@yc=\dimen138
\w@pgf@writea=\write3
\r@pgf@reada=\read1
\c@pgf@counta=\count107
\c@pgf@countb=\count108
\c@pgf@countc=\count109
\c@pgf@countd=\count110
\t@pgf@toka=\toks20
\t@pgf@tokb=\toks21
\t@pgf@tokc=\toks22
 (c:/texlive/2017/texmf-dist/tex/generic/pgf/systemlayer/pgf.cfg
File: pgf.cfg 2008/05/14  (rcs-revision 1.7)
)
Driver file for pgf: pgfsys-pdftex.def

(c:/texlive/2017/texmf-dist/tex/generic/pgf/systemlayer/pgfsys-pdftex.def
File: pgfsys-pdftex.def 2014/10/11  (rcs-revision 1.35)

(c:/texlive/2017/texmf-dist/tex/generic/pgf/systemlayer/pgfsys-common-pdf.def
File: pgfsys-common-pdf.def 2013/10/10  (rcs-revision 1.13)
)))
(c:/texlive/2017/texmf-dist/tex/generic/pgf/systemlayer/pgfsyssoftpath.code.tex
File: pgfsyssoftpath.code.tex 2013/09/09  (rcs-revision 1.9)
\pgfsyssoftpath@smallbuffer@items=\count111
\pgfsyssoftpath@bigbuffer@items=\count112
)
(c:/texlive/2017/texmf-dist/tex/generic/pgf/systemlayer/pgfsysprotocol.code.tex
File: pgfsysprotocol.code.tex 2006/10/16  (rcs-revision 1.4)
)) (c:/texlive/2017/texmf-dist/tex/latex/xcolor/xcolor.sty
Package: xcolor 2016/05/11 v2.12 LaTeX color extensions (UK)

(c:/texlive/2017/texmf-dist/tex/latex/graphics-cfg/color.cfg
File: color.cfg 2016/01/02 v1.6 sample color configuration
)
Package xcolor Info: Driver file: pdftex.def on input line 225.
Package xcolor Info: Model `cmy' substituted by `cmy0' on input line 1348.
Package xcolor Info: Model `hsb' substituted by `rgb' on input line 1352.
Package xcolor Info: Model `RGB' extended on input line 1364.
Package xcolor Info: Model `HTML' substituted by `rgb' on input line 1366.
Package xcolor Info: Model `Hsb' substituted by `hsb' on input line 1367.
Package xcolor Info: Model `tHsb' substituted by `hsb' on input line 1368.
Package xcolor Info: Model `HSB' substituted by `hsb' on input line 1369.
Package xcolor Info: Model `Gray' substituted by `gray' on input line 1370.
Package xcolor Info: Model `wave' substituted by `hsb' on input line 1371.
)
(c:/texlive/2017/texmf-dist/tex/generic/pgf/basiclayer/pgfcore.code.tex
Package: pgfcore 2010/04/11 v3.0.1a (rcs-revision 1.7)

(c:/texlive/2017/texmf-dist/tex/generic/pgf/math/pgfmath.code.tex
(c:/texlive/2017/texmf-dist/tex/generic/pgf/math/pgfmathcalc.code.tex
(c:/texlive/2017/texmf-dist/tex/generic/pgf/math/pgfmathutil.code.tex)
(c:/texlive/2017/texmf-dist/tex/generic/pgf/math/pgfmathparser.code.tex
\pgfmath@dimen=\dimen139
\pgfmath@count=\count113
\pgfmath@box=\box35
\pgfmath@toks=\toks23
\pgfmath@stack@operand=\toks24
\pgfmath@stack@operation=\toks25
)
(c:/texlive/2017/texmf-dist/tex/generic/pgf/math/pgfmathfunctions.code.tex
(c:/texlive/2017/texmf-dist/tex/generic/pgf/math/pgfmathfunctions.basic.code.te
x)
(c:/texlive/2017/texmf-dist/tex/generic/pgf/math/pgfmathfunctions.trigonometric
.code.tex)
(c:/texlive/2017/texmf-dist/tex/generic/pgf/math/pgfmathfunctions.random.code.t
ex)
(c:/texlive/2017/texmf-dist/tex/generic/pgf/math/pgfmathfunctions.comparison.co
de.tex)
(c:/texlive/2017/texmf-dist/tex/generic/pgf/math/pgfmathfunctions.base.code.tex
)
(c:/texlive/2017/texmf-dist/tex/generic/pgf/math/pgfmathfunctions.round.code.te
x)
(c:/texlive/2017/texmf-dist/tex/generic/pgf/math/pgfmathfunctions.misc.code.tex
)
(c:/texlive/2017/texmf-dist/tex/generic/pgf/math/pgfmathfunctions.integerarithm
etics.code.tex)))
(c:/texlive/2017/texmf-dist/tex/generic/pgf/math/pgfmathfloat.code.tex
\c@pgfmathroundto@lastzeros=\count114
))
(c:/texlive/2017/texmf-dist/tex/generic/pgf/basiclayer/pgfcorepoints.code.tex
File: pgfcorepoints.code.tex 2013/10/07  (rcs-revision 1.27)
\pgf@picminx=\dimen140
\pgf@picmaxx=\dimen141
\pgf@picminy=\dimen142
\pgf@picmaxy=\dimen143
\pgf@pathminx=\dimen144
\pgf@pathmaxx=\dimen145
\pgf@pathminy=\dimen146
\pgf@pathmaxy=\dimen147
\pgf@xx=\dimen148
\pgf@xy=\dimen149
\pgf@yx=\dimen150
\pgf@yy=\dimen151
\pgf@zx=\dimen152
\pgf@zy=\dimen153
)
(c:/texlive/2017/texmf-dist/tex/generic/pgf/basiclayer/pgfcorepathconstruct.cod
e.tex
File: pgfcorepathconstruct.code.tex 2013/10/07  (rcs-revision 1.29)
\pgf@path@lastx=\dimen154
\pgf@path@lasty=\dimen155
)
(c:/texlive/2017/texmf-dist/tex/generic/pgf/basiclayer/pgfcorepathusage.code.te
x
File: pgfcorepathusage.code.tex 2014/11/02  (rcs-revision 1.24)
\pgf@shorten@end@additional=\dimen156
\pgf@shorten@start@additional=\dimen157
)
(c:/texlive/2017/texmf-dist/tex/generic/pgf/basiclayer/pgfcorescopes.code.tex
File: pgfcorescopes.code.tex 2015/05/08  (rcs-revision 1.46)
\pgfpic=\box36
\pgf@hbox=\box37
\pgf@layerbox@main=\box38
\pgf@picture@serial@count=\count115
)
(c:/texlive/2017/texmf-dist/tex/generic/pgf/basiclayer/pgfcoregraphicstate.code
.tex
File: pgfcoregraphicstate.code.tex 2014/11/02  (rcs-revision 1.12)
\pgflinewidth=\dimen158
)
(c:/texlive/2017/texmf-dist/tex/generic/pgf/basiclayer/pgfcoretransformations.c
ode.tex
File: pgfcoretransformations.code.tex 2015/08/07  (rcs-revision 1.20)
\pgf@pt@x=\dimen159
\pgf@pt@y=\dimen160
\pgf@pt@temp=\dimen161
)
(c:/texlive/2017/texmf-dist/tex/generic/pgf/basiclayer/pgfcorequick.code.tex
File: pgfcorequick.code.tex 2008/10/09  (rcs-revision 1.3)
)
(c:/texlive/2017/texmf-dist/tex/generic/pgf/basiclayer/pgfcoreobjects.code.tex
File: pgfcoreobjects.code.tex 2006/10/11  (rcs-revision 1.2)
)
(c:/texlive/2017/texmf-dist/tex/generic/pgf/basiclayer/pgfcorepathprocessing.co
de.tex
File: pgfcorepathprocessing.code.tex 2013/09/09  (rcs-revision 1.9)
)
(c:/texlive/2017/texmf-dist/tex/generic/pgf/basiclayer/pgfcorearrows.code.tex
File: pgfcorearrows.code.tex 2015/05/14  (rcs-revision 1.43)
\pgfarrowsep=\dimen162
)
(c:/texlive/2017/texmf-dist/tex/generic/pgf/basiclayer/pgfcoreshade.code.tex
File: pgfcoreshade.code.tex 2013/07/15  (rcs-revision 1.15)
\pgf@max=\dimen163
\pgf@sys@shading@range@num=\count116
)
(c:/texlive/2017/texmf-dist/tex/generic/pgf/basiclayer/pgfcoreimage.code.tex
File: pgfcoreimage.code.tex 2013/07/15  (rcs-revision 1.18)

(c:/texlive/2017/texmf-dist/tex/generic/pgf/basiclayer/pgfcoreexternal.code.tex
File: pgfcoreexternal.code.tex 2014/07/09  (rcs-revision 1.21)
\pgfexternal@startupbox=\box39
))
(c:/texlive/2017/texmf-dist/tex/generic/pgf/basiclayer/pgfcorelayers.code.tex
File: pgfcorelayers.code.tex 2013/07/18  (rcs-revision 1.7)
)
(c:/texlive/2017/texmf-dist/tex/generic/pgf/basiclayer/pgfcoretransparency.code
.tex
File: pgfcoretransparency.code.tex 2013/09/30  (rcs-revision 1.5)
)
(c:/texlive/2017/texmf-dist/tex/generic/pgf/basiclayer/pgfcorepatterns.code.tex
File: pgfcorepatterns.code.tex 2013/11/07  (rcs-revision 1.5)
))) (c:/texlive/2017/texmf-dist/tex/latex/pgf/utilities/xxcolor.sty
Package: xxcolor 2003/10/24 ver 0.1
\XC@nummixins=\count117
\XC@countmixins=\count118
)
(c:/texlive/2017/texmf-dist/tex/generic/oberdiek/atbegshi.sty
Package: atbegshi 2016/06/09 v1.18 At begin shipout hook (HO)
)
(c:/texlive/2017/texmf-dist/tex/latex/hyperref/hyperref.sty
Package: hyperref 2017/03/14 v6.85a Hypertext links for LaTeX

(c:/texlive/2017/texmf-dist/tex/generic/oberdiek/hobsub-hyperref.sty
Package: hobsub-hyperref 2016/05/16 v1.14 Bundle oberdiek, subset hyperref (HO)


(c:/texlive/2017/texmf-dist/tex/generic/oberdiek/hobsub-generic.sty
Package: hobsub-generic 2016/05/16 v1.14 Bundle oberdiek, subset generic (HO)
Package: hobsub 2016/05/16 v1.14 Construct package bundles (HO)
Package hobsub Info: Skipping package `infwarerr' (already loaded).
Package hobsub Info: Skipping package `ltxcmds' (already loaded).
Package: ifluatex 2016/05/16 v1.4 Provides the ifluatex switch (HO)
Package ifluatex Info: LuaTeX not detected.
Package hobsub Info: Skipping package `ifvtex' (already loaded).
Package: intcalc 2016/05/16 v1.2 Expandable calculations with integers (HO)
Package hobsub Info: Skipping package `ifpdf' (already loaded).
Package: etexcmds 2016/05/16 v1.6 Avoid name clashes with e-TeX commands (HO)
Package etexcmds Info: Could not find \expanded.
(etexcmds)             That can mean that you are not using pdfTeX 1.50 or
(etexcmds)             that some package has redefined \expanded.
(etexcmds)             In the latter case, load this package earlier.
Package: kvsetkeys 2016/05/16 v1.17 Key value parser (HO)
Package: kvdefinekeys 2016/05/16 v1.4 Define keys (HO)
Package: pdftexcmds 2017/03/19 v0.25 Utility functions of pdfTeX for LuaTeX (HO
)
Package pdftexcmds Info: LuaTeX not detected.
Package pdftexcmds Info: \pdf@primitive is available.
Package pdftexcmds Info: \pdf@ifprimitive is available.
Package pdftexcmds Info: \pdfdraftmode found.
Package: pdfescape 2016/05/16 v1.14 Implements pdfTeX's escape features (HO)
Package: bigintcalc 2016/05/16 v1.4 Expandable calculations on big integers (HO
)
Package: bitset 2016/05/16 v1.2 Handle bit-vector datatype (HO)
Package: uniquecounter 2016/05/16 v1.3 Provide unlimited unique counter (HO)
)
Package hobsub Info: Skipping package `hobsub' (already loaded).
Package: letltxmacro 2016/05/16 v1.5 Let assignment for LaTeX macros (HO)
Package: hopatch 2016/05/16 v1.3 Wrapper for package hooks (HO)
Package: xcolor-patch 2016/05/16 xcolor patch
Package: atveryend 2016/05/16 v1.9 Hooks at the very end of document (HO)
Package hobsub Info: Skipping package `atbegshi' (already loaded).
Package: refcount 2016/05/16 v3.5 Data extraction from label references (HO)
Package: hycolor 2016/05/16 v1.8 Color options for hyperref/bookmark (HO)
)
(c:/texlive/2017/texmf-dist/tex/latex/oberdiek/auxhook.sty
Package: auxhook 2016/05/16 v1.4 Hooks for auxiliary files (HO)
)
(c:/texlive/2017/texmf-dist/tex/latex/oberdiek/kvoptions.sty
Package: kvoptions 2016/05/16 v3.12 Key value format for package options (HO)
)
\@linkdim=\dimen164
\Hy@linkcounter=\count119
\Hy@pagecounter=\count120

(c:/texlive/2017/texmf-dist/tex/latex/hyperref/pd1enc.def
File: pd1enc.def 2017/03/14 v6.85a Hyperref: PDFDocEncoding definition (HO)
)
\Hy@SavedSpaceFactor=\count121

(c:/texlive/2017/texmf-dist/tex/latex/latexconfig/hyperref.cfg
File: hyperref.cfg 2002/06/06 v1.2 hyperref configuration of TeXLive
)
Package hyperref Info: Option `bookmarks' set `true' on input line 4374.
Package hyperref Info: Option `bookmarksopen' set `true' on input line 4374.
Package hyperref Info: Option `implicit' set `false' on input line 4374.
Package hyperref Info: Hyper figures OFF on input line 4498.
Package hyperref Info: Link nesting OFF on input line 4503.
Package hyperref Info: Hyper index ON on input line 4506.
Package hyperref Info: Plain pages OFF on input line 4513.
Package hyperref Info: Backreferencing OFF on input line 4518.
Package hyperref Info: Implicit mode OFF; no redefinition of LaTeX internals.
Package hyperref Info: Bookmarks ON on input line 4751.
\c@Hy@tempcnt=\count122

(c:/texlive/2017/texmf-dist/tex/latex/url/url.sty
\Urlmuskip=\muskip10
Package: url 2013/09/16  ver 3.4  Verb mode for urls, etc.
)
LaTeX Info: Redefining \url on input line 5104.
\XeTeXLinkMargin=\dimen165
\Fld@menulength=\count123
\Field@Width=\dimen166
\Fld@charsize=\dimen167
Package hyperref Info: Hyper figures OFF on input line 6358.
Package hyperref Info: Link nesting OFF on input line 6363.
Package hyperref Info: Hyper index ON on input line 6366.
Package hyperref Info: backreferencing OFF on input line 6373.
Package hyperref Info: Link coloring OFF on input line 6378.
Package hyperref Info: Link coloring with OCG OFF on input line 6383.
Package hyperref Info: PDF/A mode OFF on input line 6388.
LaTeX Info: Redefining \ref on input line 6428.
LaTeX Info: Redefining \pageref on input line 6432.
\Hy@abspage=\count124


Package hyperref Message: Stopped early.

)

Package hyperref Message: Driver (autodetected): hpdftex.

(c:/texlive/2017/texmf-dist/tex/latex/hyperref/hpdftex.def
File: hpdftex.def 2017/03/14 v6.85a Hyperref driver for pdfTeX
\Fld@listcount=\count125
\c@bookmark@seq@number=\count126

(c:/texlive/2017/texmf-dist/tex/latex/oberdiek/rerunfilecheck.sty
Package: rerunfilecheck 2016/05/16 v1.8 Rerun checks for auxiliary files (HO)
Package uniquecounter Info: New unique counter `rerunfilecheck' on input line 2
82.
))
(c:/texlive/2017/texmf-dist/tex/latex/beamer/beamerbaserequires.sty
(c:/texlive/2017/texmf-dist/tex/latex/beamer/beamerbasecompatibility.sty)
(c:/texlive/2017/texmf-dist/tex/latex/beamer/beamerbasefont.sty
(c:/texlive/2017/texmf-dist/tex/latex/amsfonts/amssymb.sty
Package: amssymb 2013/01/14 v3.01 AMS font symbols

(c:/texlive/2017/texmf-dist/tex/latex/amsfonts/amsfonts.sty
Package: amsfonts 2013/01/14 v3.01 Basic AMSFonts support
\@emptytoks=\toks26
\symAMSa=\mathgroup4
\symAMSb=\mathgroup5
LaTeX Font Info:    Overwriting math alphabet `\mathfrak' in version `bold'
(Font)                  U/euf/m/n --> U/euf/b/n on input line 106.
))
(c:/texlive/2017/texmf-dist/tex/latex/sansmathaccent/sansmathaccent.sty
Package: sansmathaccent 2013/03/28

(c:/texlive/2017/texmf-dist/tex/latex/filehook/filehook.sty
Package: filehook 2011/10/12 v0.5d Hooks for input files
)))
(c:/texlive/2017/texmf-dist/tex/latex/beamer/beamerbasetranslator.sty
(c:/texlive/2017/texmf-dist/tex/latex/beamer/translator/translator.sty
Package: translator 2010/06/12 ver 1.10

(c:/texlive/2017/texmf-dist/tex/latex/beamer/translator/translator-language-map
pings.tex))) (c:/texlive/2017/texmf-dist/tex/latex/beamer/beamerbasemisc.sty)
(c:/texlive/2017/texmf-dist/tex/latex/beamer/beamerbasetwoscreens.sty)
(c:/texlive/2017/texmf-dist/tex/latex/beamer/beamerbaseoverlay.sty
\beamer@argscount=\count127
\beamer@lastskipcover=\skip44
\beamer@trivlistdepth=\count128
)
(c:/texlive/2017/texmf-dist/tex/latex/beamer/beamerbasetitle.sty)
(c:/texlive/2017/texmf-dist/tex/latex/beamer/beamerbasesection.sty
\c@lecture=\count129
\c@part=\count130
\c@section=\count131
\c@subsection=\count132
\c@subsubsection=\count133
)
(c:/texlive/2017/texmf-dist/tex/latex/beamer/beamerbaseframe.sty
\beamer@framebox=\box40
\beamer@frametitlebox=\box41
\beamer@zoombox=\box42
\beamer@zoomcount=\count134
\beamer@zoomframecount=\count135
\beamer@frametextheight=\dimen168
\c@subsectionslide=\count136
\beamer@frametopskip=\skip45
\beamer@framebottomskip=\skip46
\beamer@frametopskipautobreak=\skip47
\beamer@framebottomskipautobreak=\skip48
\beamer@envbody=\toks27
\framewidth=\dimen169
\c@framenumber=\count137
)
(c:/texlive/2017/texmf-dist/tex/latex/beamer/beamerbaseverbatim.sty
\beamer@verbatimfileout=\write4
)
(c:/texlive/2017/texmf-dist/tex/latex/beamer/beamerbaseframesize.sty
\beamer@splitbox=\box43
\beamer@autobreakcount=\count138
\beamer@autobreaklastheight=\dimen170
\beamer@frametitletoks=\toks28
\beamer@framesubtitletoks=\toks29
)
(c:/texlive/2017/texmf-dist/tex/latex/beamer/beamerbaseframecomponents.sty
\beamer@footins=\box44
)
(c:/texlive/2017/texmf-dist/tex/latex/beamer/beamerbasecolor.sty)
(c:/texlive/2017/texmf-dist/tex/latex/beamer/beamerbasenotes.sty
\beamer@frameboxcopy=\box45
)
(c:/texlive/2017/texmf-dist/tex/latex/beamer/beamerbasetoc.sty)
(c:/texlive/2017/texmf-dist/tex/latex/beamer/beamerbasetemplates.sty
\beamer@sbttoks=\toks30

(c:/texlive/2017/texmf-dist/tex/latex/beamer/beamerbaseauxtemplates.sty
(c:/texlive/2017/texmf-dist/tex/latex/beamer/beamerbaseboxes.sty
\bmb@box=\box46
\bmb@colorbox=\box47
\bmb@boxshadow=\box48
\bmb@boxshadowball=\box49
\bmb@boxshadowballlarge=\box50
\bmb@temp=\dimen171
\bmb@dima=\dimen172
\bmb@dimb=\dimen173
\bmb@prevheight=\dimen174
)
\beamer@blockheadheight=\dimen175
))
(c:/texlive/2017/texmf-dist/tex/latex/beamer/beamerbaselocalstructure.sty
(c:/texlive/2017/texmf-dist/tex/latex/tools/enumerate.sty
Package: enumerate 2015/07/23 v3.00 enumerate extensions (DPC)
\@enLab=\toks31
)
\c@figure=\count139
\c@table=\count140
\abovecaptionskip=\skip49
\belowcaptionskip=\skip50
)
(c:/texlive/2017/texmf-dist/tex/latex/beamer/beamerbasenavigation.sty
\beamer@section@min@dim=\dimen176
)
(c:/texlive/2017/texmf-dist/tex/latex/beamer/beamerbasetheorems.sty
(c:/texlive/2017/texmf-dist/tex/latex/amsmath/amsmath.sty
Package: amsmath 2016/11/05 v2.16a AMS math features
\@mathmargin=\skip51

For additional information on amsmath, use the `?' option.
(c:/texlive/2017/texmf-dist/tex/latex/amsmath/amstext.sty
Package: amstext 2000/06/29 v2.01 AMS text

(c:/texlive/2017/texmf-dist/tex/latex/amsmath/amsgen.sty
File: amsgen.sty 1999/11/30 v2.0 generic functions
\@emptytoks=\toks32
\ex@=\dimen177
))
(c:/texlive/2017/texmf-dist/tex/latex/amsmath/amsbsy.sty
Package: amsbsy 1999/11/29 v1.2d Bold Symbols
\pmbraise@=\dimen178
)
(c:/texlive/2017/texmf-dist/tex/latex/amsmath/amsopn.sty
Package: amsopn 2016/03/08 v2.02 operator names
)
\inf@bad=\count141
LaTeX Info: Redefining \frac on input line 213.
\uproot@=\count142
\leftroot@=\count143
LaTeX Info: Redefining \overline on input line 375.
\classnum@=\count144
\DOTSCASE@=\count145
LaTeX Info: Redefining \ldots on input line 472.
LaTeX Info: Redefining \dots on input line 475.
LaTeX Info: Redefining \cdots on input line 596.
\Mathstrutbox@=\box51
\strutbox@=\box52
\big@size=\dimen179
LaTeX Font Info:    Redeclaring font encoding OML on input line 712.
LaTeX Font Info:    Redeclaring font encoding OMS on input line 713.
\macc@depth=\count146
\c@MaxMatrixCols=\count147
\dotsspace@=\muskip11
\c@parentequation=\count148
\dspbrk@lvl=\count149
\tag@help=\toks33
\row@=\count150
\column@=\count151
\maxfields@=\count152
\andhelp@=\toks34
\eqnshift@=\dimen180
\alignsep@=\dimen181
\tagshift@=\dimen182
\tagwidth@=\dimen183
\totwidth@=\dimen184
\lineht@=\dimen185
\@envbody=\toks35
\multlinegap=\skip52
\multlinetaggap=\skip53
\mathdisplay@stack=\toks36
LaTeX Info: Redefining \[ on input line 2817.
LaTeX Info: Redefining \] on input line 2818.
)
(c:/texlive/2017/texmf-dist/tex/latex/amscls/amsthm.sty
Package: amsthm 2015/03/04 v2.20.2
\thm@style=\toks37
\thm@bodyfont=\toks38
\thm@headfont=\toks39
\thm@notefont=\toks40
\thm@headpunct=\toks41
\thm@preskip=\skip54
\thm@postskip=\skip55
\thm@headsep=\skip56
\dth@everypar=\toks42
)
\c@theorem=\count153
)
(c:/texlive/2017/texmf-dist/tex/latex/beamer/beamerbasethemes.sty))
(c:/texlive/2017/texmf-dist/tex/latex/beamer/themes/theme/beamerthemedefault.st
y
(c:/texlive/2017/texmf-dist/tex/latex/beamer/themes/font/beamerfontthemedefault
.sty)
(c:/texlive/2017/texmf-dist/tex/latex/beamer/themes/color/beamercolorthemedefau
lt.sty)
(c:/texlive/2017/texmf-dist/tex/latex/beamer/themes/inner/beamerinnerthemedefau
lt.sty
\beamer@dima=\dimen186
\beamer@dimb=\dimen187
)
(c:/texlive/2017/texmf-dist/tex/latex/beamer/themes/outer/beamerouterthemedefau
lt.sty))) (./beamerthememetropolis.sty
Package: beamerthememetropolis 2017/01/23 v1.2 Metropolis Beamer theme

(c:/texlive/2017/texmf-dist/tex/latex/pgfopts/pgfopts.sty
Package: pgfopts 2014/07/10 v2.1a LaTeX package options with pgfkeys

(c:/texlive/2017/texmf-dist/tex/latex/pgf/utilities/pgfkeys.sty
(c:/texlive/2017/texmf-dist/tex/generic/pgf/utilities/pgfkeys.code.tex))
\pgfopts@list@add@a@toks=\toks43
\pgfopts@list@add@b@toks=\toks44
)
(./beamerinnerthememetropolis.sty
Package: beamerinnerthememetropolis 2017/01/23 Metropolis inner theme

(c:/texlive/2017/texmf-dist/tex/latex/tools/calc.sty
Package: calc 2014/10/28 v4.3 Infix arithmetic (KKT,FJ)
\calc@Acount=\count154
\calc@Bcount=\count155
\calc@Adimen=\dimen188
\calc@Bdimen=\dimen189
\calc@Askip=\skip57
\calc@Bskip=\skip58
LaTeX Info: Redefining \setlength on input line 80.
LaTeX Info: Redefining \addtolength on input line 81.
\calc@Ccount=\count156
\calc@Cskip=\skip59
)
(c:/texlive/2017/texmf-dist/tex/latex/pgf/frontendlayer/tikz.sty
(c:/texlive/2017/texmf-dist/tex/latex/pgf/basiclayer/pgf.sty
Package: pgf 2015/08/07 v3.0.1a (rcs-revision 1.15)

(c:/texlive/2017/texmf-dist/tex/generic/pgf/modules/pgfmoduleshapes.code.tex
File: pgfmoduleshapes.code.tex 2014/03/21  (rcs-revision 1.35)
\pgfnodeparttextbox=\box53
)
(c:/texlive/2017/texmf-dist/tex/generic/pgf/modules/pgfmoduleplot.code.tex
File: pgfmoduleplot.code.tex 2015/08/03  (rcs-revision 1.13)
)
(c:/texlive/2017/texmf-dist/tex/latex/pgf/compatibility/pgfcomp-version-0-65.st
y
Package: pgfcomp-version-0-65 2007/07/03 v3.0.1a (rcs-revision 1.7)
\pgf@nodesepstart=\dimen190
\pgf@nodesepend=\dimen191
)
(c:/texlive/2017/texmf-dist/tex/latex/pgf/compatibility/pgfcomp-version-1-18.st
y
Package: pgfcomp-version-1-18 2007/07/23 v3.0.1a (rcs-revision 1.1)
)) (c:/texlive/2017/texmf-dist/tex/latex/pgf/utilities/pgffor.sty
(c:/texlive/2017/texmf-dist/tex/latex/pgf/math/pgfmath.sty
(c:/texlive/2017/texmf-dist/tex/generic/pgf/math/pgfmath.code.tex))
(c:/texlive/2017/texmf-dist/tex/generic/pgf/utilities/pgffor.code.tex
Package: pgffor 2013/12/13 v3.0.1a (rcs-revision 1.25)

(c:/texlive/2017/texmf-dist/tex/generic/pgf/math/pgfmath.code.tex)
\pgffor@iter=\dimen192
\pgffor@skip=\dimen193
\pgffor@stack=\toks45
\pgffor@toks=\toks46
))
(c:/texlive/2017/texmf-dist/tex/generic/pgf/frontendlayer/tikz/tikz.code.tex
Package: tikz 2015/08/07 v3.0.1a (rcs-revision 1.151)

(c:/texlive/2017/texmf-dist/tex/generic/pgf/libraries/pgflibraryplothandlers.co
de.tex
File: pgflibraryplothandlers.code.tex 2013/08/31 v3.0.1a (rcs-revision 1.20)
\pgf@plot@mark@count=\count157
\pgfplotmarksize=\dimen194
)
\tikz@lastx=\dimen195
\tikz@lasty=\dimen196
\tikz@lastxsaved=\dimen197
\tikz@lastysaved=\dimen198
\tikzleveldistance=\dimen199
\tikzsiblingdistance=\dimen256
\tikz@figbox=\box54
\tikz@figbox@bg=\box55
\tikz@tempbox=\box56
\tikz@tempbox@bg=\box57
\tikztreelevel=\count158
\tikznumberofchildren=\count159
\tikznumberofcurrentchild=\count160
\tikz@fig@count=\count161

(c:/texlive/2017/texmf-dist/tex/generic/pgf/modules/pgfmodulematrix.code.tex
File: pgfmodulematrix.code.tex 2013/09/17  (rcs-revision 1.8)
\pgfmatrixcurrentrow=\count162
\pgfmatrixcurrentcolumn=\count163
\pgf@matrix@numberofcolumns=\count164
)
\tikz@expandcount=\count165

(c:/texlive/2017/texmf-dist/tex/generic/pgf/frontendlayer/tikz/libraries/tikzli
brarytopaths.code.tex
File: tikzlibrarytopaths.code.tex 2008/06/17 v3.0.1a (rcs-revision 1.2)
)))
\metropolis@titleseparator@linewidth=\skip60
\metropolis@progressonsectionpage=\skip61
\metropolis@progressonsectionpage@linewidth=\skip62
\metropolis@blocksep=\skip63
\metropolis@blockadjust=\skip64
\metropolis@parskip=\skip65
) (./beamerouterthememetropolis.sty
Package: beamerouterthememetropolis 2017/01/23 Metropolis outer theme
\metropolis@frametitle@padding=\skip66
\metropolis@progressinheadfoot=\skip67
\metropolis@progressinheadfoot@linewidth=\skip68
)
(./beamercolorthememetropolis.sty
Package: beamercolorthememetropolis 2017/01/23 Metropolis color theme
) (./beamerfontthememetropolis.sty
Package: beamerfontthememetropolis 2017/01/23 Metropolis font theme


Package beamerthememetropolis Warning: You need to compile with XeLaTeX or LuaL
aTeX to use the Fira fonts on input line 95.

))
(c:/texlive/2017/texmf-dist/tex/latex/appendixnumberbeamer/appendixnumberbeamer
.sty) (c:/texlive/2017/texmf-dist/tex/latex/booktabs/booktabs.sty
Package: booktabs 2016/04/27 v1.618033 publication quality tables
\heavyrulewidth=\dimen257
\lightrulewidth=\dimen258
\cmidrulewidth=\dimen259
\belowrulesep=\dimen260
\belowbottomsep=\dimen261
\aboverulesep=\dimen262
\abovetopsep=\dimen263
\cmidrulesep=\dimen264
\cmidrulekern=\dimen265
\defaultaddspace=\dimen266
\@cmidla=\count166
\@cmidlb=\count167
\@aboverulesep=\dimen267
\@belowrulesep=\dimen268
\@thisruleclass=\count168
\@lastruleclass=\count169
\@thisrulewidth=\dimen269
)
(c:/texlive/2017/texmf-dist/tex/latex/ccicons/ccicons.sty
Package: ccicons 2013/04/16 v1.5 LaTeX support for Creative Commons icons

(c:/texlive/2017/texmf-dist/tex/latex/xkeyval/xkeyval.sty
Package: xkeyval 2014/12/03 v2.7a package option processing (HA)

(c:/texlive/2017/texmf-dist/tex/generic/xkeyval/xkeyval.tex
(c:/texlive/2017/texmf-dist/tex/generic/xkeyval/xkvutils.tex
\XKV@toks=\toks47
\XKV@tempa@toks=\toks48
)
\XKV@depth=\count170
File: xkeyval.tex 2014/12/03 v2.7a key=value parser (HA)
)))
(c:/texlive/2017/texmf-dist/tex/latex/pgfplots/pgfplots.sty
(c:/texlive/2017/texmf-dist/tex/generic/pgfplots/pgfplots.revision.tex)
Package: pgfplots 2016/08/10 v1.14 Data Visualization (1.14)

(c:/texlive/2017/texmf-dist/tex/generic/pgfplots/pgfplots.code.tex
(c:/texlive/2017/texmf-dist/tex/generic/pgfplots/pgfplotscore.code.tex
\t@pgfplots@toka=\toks49
\t@pgfplots@tokb=\toks50
\t@pgfplots@tokc=\toks51
\pgfplots@tmpa=\dimen270
\c@pgfplots@coordindex=\count171
\c@pgfplots@scanlineindex=\count172

(c:/texlive/2017/texmf-dist/tex/generic/pgfplots/sys/pgfplotssysgeneric.code.te
x))
(c:/texlive/2017/texmf-dist/tex/generic/pgfplots/libs/pgfplotslibrary.code.tex)

(c:/texlive/2017/texmf-dist/tex/generic/pgfplots/oldpgfcompatib/pgfplotsoldpgfs
upp_loader.code.tex
(c:/texlive/2017/texmf-dist/tex/generic/pgf/libraries/pgflibraryfpu.code.tex)
Package pgfplots: loading complementary arithmetics for your pgf version...

(c:/texlive/2017/texmf-dist/tex/generic/pgfplots/oldpgfcompatib/pgfplotsoldpgfs
upp_pgflibraryfpu.code.tex)
(c:/texlive/2017/texmf-dist/tex/generic/pgfplots/oldpgfcompatib/pgfplotsoldpgfs
upp_pgfmathfloat.code.tex
\c@pgfmathroundto@lastzeros=\count173
))
(c:/texlive/2017/texmf-dist/tex/generic/pgfplots/util/pgfplotsutil.code.tex
(c:/texlive/2017/texmf-dist/tex/generic/pgfplots/liststructure/pgfplotsliststru
cture.code.tex)
(c:/texlive/2017/texmf-dist/tex/generic/pgfplots/liststructure/pgfplotsliststru
ctureext.code.tex)
(c:/texlive/2017/texmf-dist/tex/generic/pgfplots/liststructure/pgfplotsarray.co
de.tex
\c@pgfplotsarray@tmp=\count174
)
(c:/texlive/2017/texmf-dist/tex/generic/pgfplots/liststructure/pgfplotsmatrix.c
ode.tex)
(c:/texlive/2017/texmf-dist/tex/generic/pgfplots/numtable/pgfplotstableshared.c
ode.tex
\c@pgfplotstable@counta=\count175
\t@pgfplotstable@a=\toks52
)
(c:/texlive/2017/texmf-dist/tex/generic/pgfplots/liststructure/pgfplotsdeque.co
de.tex)
(c:/texlive/2017/texmf-dist/tex/generic/pgfplots/util/pgfplotsbinary.code.tex
(c:/texlive/2017/texmf-dist/tex/generic/pgfplots/util/pgfplotsbinary.data.code.
tex))
(c:/texlive/2017/texmf-dist/tex/generic/pgfplots/util/pgfplotsutil.verb.code.te
x)
(c:/texlive/2017/texmf-dist/tex/generic/pgfplots/libs/pgflibrarypgfplots.surfsh
ading.code.tex
\c@pgfplotslibrarysurf@no=\count176

(c:/texlive/2017/texmf-dist/tex/generic/pgfplots/sys/pgflibrarypgfplots.surfsha
ding.pgfsys-pdftex.def)))
(c:/texlive/2017/texmf-dist/tex/generic/pgfplots/util/pgfplotscolormap.code.tex
(c:/texlive/2017/texmf-dist/tex/generic/pgfplots/util/pgfplotscolor.code.tex))
(c:/texlive/2017/texmf-dist/tex/generic/pgfplots/pgfplotsstackedplots.code.tex)
(c:/texlive/2017/texmf-dist/tex/generic/pgfplots/pgfplotsplothandlers.code.tex
(c:/texlive/2017/texmf-dist/tex/generic/pgfplots/pgfplotsmeshplothandler.code.t
ex
(c:/texlive/2017/texmf-dist/tex/generic/pgfplots/pgfplotsmeshplotimage.code.tex
))) (c:/texlive/2017/texmf-dist/tex/generic/pgfplots/pgfplots.scaling.code.tex)

(c:/texlive/2017/texmf-dist/tex/generic/pgfplots/pgfplotscoordprocessing.code.t
ex)
(c:/texlive/2017/texmf-dist/tex/generic/pgfplots/pgfplots.errorbars.code.tex)
(c:/texlive/2017/texmf-dist/tex/generic/pgfplots/pgfplots.markers.code.tex)
(c:/texlive/2017/texmf-dist/tex/generic/pgfplots/pgfplotsticks.code.tex)
(c:/texlive/2017/texmf-dist/tex/generic/pgfplots/pgfplots.paths.code.tex)
(c:/texlive/2017/texmf-dist/tex/generic/pgf/frontendlayer/tikz/libraries/tikzli
brarydecorations.code.tex
(c:/texlive/2017/texmf-dist/tex/generic/pgf/modules/pgfmoduledecorations.code.t
ex
\pgfdecoratedcompleteddistance=\dimen271
\pgfdecoratedremainingdistance=\dimen272
\pgfdecoratedinputsegmentcompleteddistance=\dimen273
\pgfdecoratedinputsegmentremainingdistance=\dimen274
\pgf@decorate@distancetomove=\dimen275
\pgf@decorate@repeatstate=\count177
\pgfdecorationsegmentamplitude=\dimen276
\pgfdecorationsegmentlength=\dimen277
)
\tikz@lib@dec@box=\box58
)
(c:/texlive/2017/texmf-dist/tex/generic/pgf/frontendlayer/tikz/libraries/tikzli
brarydecorations.pathmorphing.code.tex
(c:/texlive/2017/texmf-dist/tex/generic/pgf/libraries/decorations/pgflibrarydec
orations.pathmorphing.code.tex))
(c:/texlive/2017/texmf-dist/tex/generic/pgf/frontendlayer/tikz/libraries/tikzli
brarydecorations.pathreplacing.code.tex
(c:/texlive/2017/texmf-dist/tex/generic/pgf/libraries/decorations/pgflibrarydec
orations.pathreplacing.code.tex))
\pgfplots@numplots=\count178
\pgfplots@xmin@reg=\dimen278
\pgfplots@xmax@reg=\dimen279
\pgfplots@ymin@reg=\dimen280
\pgfplots@ymax@reg=\dimen281
\pgfplots@zmin@reg=\dimen282
\pgfplots@zmax@reg=\dimen283
)
(c:/texlive/2017/texmf-dist/tex/generic/pgf/frontendlayer/tikz/libraries/tikzli
braryplotmarks.code.tex
File: tikzlibraryplotmarks.code.tex 2008/01/09 v3.0.1a (rcs-revision 1.1)

(c:/texlive/2017/texmf-dist/tex/generic/pgf/libraries/pgflibraryplotmarks.code.
tex
File: pgflibraryplotmarks.code.tex 2015/08/03 v3.0.1a (rcs-revision 1.14)
)))
(c:/texlive/2017/texmf-dist/tex/generic/pgfplots/libs/tikzlibrarypgfplots.datep
lot.code.tex
(c:/texlive/2017/texmf-dist/tex/latex/pgf/utilities/pgfcalendar.sty
(c:/texlive/2017/texmf-dist/tex/generic/pgf/utilities/pgfcalendar.code.tex
File: pgfcalendar.code.tex 2007/07/23 v3.0.1a (rcs-revision 1.11)
\pgfcalendarcurrentjulian=\count179
)))
(c:/texlive/2017/texmf-dist/tex/latex/tools/xspace.sty
Package: xspace 2014/10/28 v1.13 Space after command names (DPC,MH)
) (./pgfplotsthemetol.sty
Package: pgfplotsthemetol 2017/01/23 PGFplots colors based on Paul Tol's SRON t
echnical note
) (./demo.aux)
\openout1 = `demo.aux'.

LaTeX Font Info:    Checking defaults for OML/cmm/m/it on input line 24.
LaTeX Font Info:    ... okay on input line 24.
LaTeX Font Info:    Checking defaults for T1/cmr/m/n on input line 24.
LaTeX Font Info:    ... okay on input line 24.
LaTeX Font Info:    Checking defaults for OT1/cmr/m/n on input line 24.
LaTeX Font Info:    ... okay on input line 24.
LaTeX Font Info:    Checking defaults for OMS/cmsy/m/n on input line 24.
LaTeX Font Info:    ... okay on input line 24.
LaTeX Font Info:    Checking defaults for OMX/cmex/m/n on input line 24.
LaTeX Font Info:    ... okay on input line 24.
LaTeX Font Info:    Checking defaults for U/cmr/m/n on input line 24.
LaTeX Font Info:    ... okay on input line 24.
LaTeX Font Info:    Checking defaults for PD1/pdf/m/n on input line 24.
LaTeX Font Info:    ... okay on input line 24.

*geometry* driver: auto-detecting
*geometry* detected driver: pdftex
*geometry* verbose mode - [ preamble ] result:
* driver: pdftex
* paper: custom
* layout: <same size as paper>
* layoutoffset:(h,v)=(0.0pt,0.0pt)
* modes: includehead includefoot 
* h-part:(L,W,R)=(28.45274pt, 307.28987pt, 28.45274pt)
* v-part:(T,H,B)=(0.0pt, 273.14662pt, 0.0pt)
* \paperwidth=364.19536pt
* \paperheight=273.14662pt
* \textwidth=307.28987pt
* \textheight=244.6939pt
* \oddsidemargin=-43.81725pt
* \evensidemargin=-43.81725pt
* \topmargin=-72.26999pt
* \headheight=14.22636pt
* \headsep=0.0pt
* \topskip=10.0pt
* \footskip=14.22636pt
* \marginparwidth=3.0pt
* \marginparsep=11.0pt
* \columnsep=10.0pt
* \skip\footins=9.0pt plus 4.0pt minus 2.0pt
* \hoffset=0.0pt
* \voffset=0.0pt
* \mag=1000
* \@twocolumnfalse
* \@twosidefalse
* \@mparswitchfalse
* \@reversemarginfalse
* (1in=72.27pt=25.4mm, 1cm=28.453pt)

(c:/texlive/2017/texmf-dist/tex/context/base/mkii/supp-pdf.mkii
[Loading MPS to PDF converter (version 2006.09.02).]
\scratchcounter=\count180
\scratchdimen=\dimen284
\scratchbox=\box59
\nofMPsegments=\count181
\nofMParguments=\count182
\everyMPshowfont=\toks53
\MPscratchCnt=\count183
\MPscratchDim=\dimen285
\MPnumerator=\count184
\makeMPintoPDFobject=\count185
\everyMPtoPDFconversion=\toks54
) (c:/texlive/2017/texmf-dist/tex/latex/oberdiek/epstopdf-base.sty
Package: epstopdf-base 2016/05/15 v2.6 Base part for package epstopdf

(c:/texlive/2017/texmf-dist/tex/latex/oberdiek/grfext.sty
Package: grfext 2016/05/16 v1.2 Manage graphics extensions (HO)
)
Package epstopdf-base Info: Redefining graphics rule for `.eps' on input line 4
38.
Package grfext Info: Graphics extension search list:
(grfext)             [.png,.pdf,.jpg,.mps,.jpeg,.jbig2,.jb2,.PNG,.PDF,.JPG,.JPE
G,.JBIG2,.JB2,.eps]
(grfext)             \AppendGraphicsExtensions on input line 456.

(c:/texlive/2017/texmf-dist/tex/latex/latexconfig/epstopdf-sys.cfg
File: epstopdf-sys.cfg 2010/07/13 v1.3 Configuration of (r)epstopdf for TeX Liv
e
))
ABD: EveryShipout initializing macros
\AtBeginShipoutBox=\box60
Package hyperref Info: Link coloring OFF on input line 24.

(c:/texlive/2017/texmf-dist/tex/latex/hyperref/nameref.sty
Package: nameref 2016/05/21 v2.44 Cross-referencing by name of section

(c:/texlive/2017/texmf-dist/tex/generic/oberdiek/gettitlestring.sty
Package: gettitlestring 2016/05/16 v1.5 Cleanup title references (HO)
)
\c@section@level=\count186
)
LaTeX Info: Redefining \ref on input line 24.
LaTeX Info: Redefining \pageref on input line 24.
LaTeX Info: Redefining \nameref on input line 24.

(./demo.out) (./demo.out)
\@outlinefile=\write5
\openout5 = `demo.out'.

LaTeX Font Info:    Overwriting symbol font `operators' in version `normal'
(Font)                  OT1/cmr/m/n --> OT1/cmss/m/n on input line 24.
LaTeX Font Info:    Overwriting symbol font `operators' in version `bold'
(Font)                  OT1/cmr/bx/n --> OT1/cmss/bx/n on input line 24.
\symnumbers=\mathgroup6
\sympureletters=\mathgroup7
LaTeX Font Info:    Overwriting math alphabet `\mathrm' in version `normal'
(Font)                  OT1/cmss/m/n --> OT1/cmr/m/n on input line 24.
LaTeX Font Info:    Redeclaring math alphabet \mathbf on input line 24.
LaTeX Font Info:    Overwriting math alphabet `\mathbf' in version `normal'
(Font)                  OT1/cmr/bx/n --> OT1/cmss/bx/n on input line 24.
LaTeX Font Info:    Overwriting math alphabet `\mathbf' in version `bold'
(Font)                  OT1/cmr/bx/n --> OT1/cmss/bx/n on input line 24.
LaTeX Font Info:    Redeclaring math alphabet \mathsf on input line 24.
LaTeX Font Info:    Overwriting math alphabet `\mathsf' in version `normal'
(Font)                  OT1/cmss/m/n --> OT1/cmss/m/n on input line 24.
LaTeX Font Info:    Overwriting math alphabet `\mathsf' in version `bold'
(Font)                  OT1/cmss/bx/n --> OT1/cmss/m/n on input line 24.
LaTeX Font Info:    Redeclaring math alphabet \mathit on input line 24.
LaTeX Font Info:    Overwriting math alphabet `\mathit' in version `normal'
(Font)                  OT1/cmr/m/it --> OT1/cmss/m/it on input line 24.
LaTeX Font Info:    Overwriting math alphabet `\mathit' in version `bold'
(Font)                  OT1/cmr/bx/it --> OT1/cmss/m/it on input line 24.
LaTeX Font Info:    Redeclaring math alphabet \mathtt on input line 24.
LaTeX Font Info:    Overwriting math alphabet `\mathtt' in version `normal'
(Font)                  OT1/cmtt/m/n --> OT1/cmtt/m/n on input line 24.
LaTeX Font Info:    Overwriting math alphabet `\mathtt' in version `bold'
(Font)                  OT1/cmtt/m/n --> OT1/cmtt/m/n on input line 24.
LaTeX Font Info:    Overwriting symbol font `numbers' in version `bold'
(Font)                  OT1/cmss/m/n --> OT1/cmss/bx/n on input line 24.
LaTeX Font Info:    Overwriting symbol font `pureletters' in version `bold'
(Font)                  OT1/cmss/m/it --> OT1/cmss/bx/it on input line 24.
LaTeX Font Info:    Overwriting math alphabet `\mathrm' in version `bold'
(Font)                  OT1/cmss/bx/n --> OT1/cmr/bx/n on input line 24.
LaTeX Font Info:    Overwriting math alphabet `\mathbf' in version `bold'
(Font)                  OT1/cmss/bx/n --> OT1/cmss/bx/n on input line 24.
LaTeX Font Info:    Overwriting math alphabet `\mathsf' in version `bold'
(Font)                  OT1/cmss/m/n --> OT1/cmss/bx/n on input line 24.
LaTeX Font Info:    Overwriting math alphabet `\mathit' in version `bold'
(Font)                  OT1/cmss/m/it --> OT1/cmss/bx/it on input line 24.
LaTeX Font Info:    Overwriting math alphabet `\mathtt' in version `bold'
(Font)                  OT1/cmtt/m/n --> OT1/cmtt/bx/n on input line 24.
LaTeX Font Info:    Redeclaring symbol font `pureletters' on input line 24.
LaTeX Font Info:    Overwriting symbol font `pureletters' in version `normal'
(Font)                  OT1/cmss/m/it --> OT1/mathkerncmss/m/sl on input line 2
4.
LaTeX Font Info:    Overwriting symbol font `pureletters' in version `bold'
(Font)                  OT1/cmss/bx/it --> OT1/mathkerncmss/m/sl on input line 
24.
LaTeX Font Info:    Overwriting symbol font `pureletters' in version `bold'
(Font)                  OT1/mathkerncmss/m/sl --> OT1/mathkerncmss/bx/sl on inp
ut line 24.

(c:/texlive/2017/texmf-dist/tex/latex/beamer/translator/dicts/translator-basic-
dictionary/translator-basic-dictionary-English.dict
Dictionary: translator-basic-dictionary, Language: English 
)
(c:/texlive/2017/texmf-dist/tex/latex/beamer/translator/dicts/translator-biblio
graphy-dictionary/translator-bibliography-dictionary-English.dict
Dictionary: translator-bibliography-dictionary, Language: English 
)
(c:/texlive/2017/texmf-dist/tex/latex/beamer/translator/dicts/translator-enviro
nment-dictionary/translator-environment-dictionary-English.dict
Dictionary: translator-environment-dictionary, Language: English 
)
(c:/texlive/2017/texmf-dist/tex/latex/beamer/translator/dicts/translator-months
-dictionary/translator-months-dictionary-English.dict
Dictionary: translator-months-dictionary, Language: English 
)
(c:/texlive/2017/texmf-dist/tex/latex/beamer/translator/dicts/translator-number
s-dictionary/translator-numbers-dictionary-English.dict
Dictionary: translator-numbers-dictionary, Language: English 
)
(c:/texlive/2017/texmf-dist/tex/latex/beamer/translator/dicts/translator-theore
m-dictionary/translator-theorem-dictionary-English.dict
Dictionary: translator-theorem-dictionary, Language: English 
)
LaTeX Info: Redefining \includegraphics on input line 24.

Package pgfplots notification 'compat/show suggested version=true': you might b
enefit from \pgfplotsset{compat=1.14} (current compat level: 1.9).

(./demo.nav)
Overfull \vbox (13.79993pt too high) detected at line 26
 []

[1

{c:/texlive/2017/texmf-var/fonts/map/pdftex/updmap/pdftex.map}] (./demo.toc)

LaTeX Font Warning: Font shape `OT1/cmss/m/n' in size <4> not available
(Font)              size <5> substituted on input line 31.

[2

]
LaTeX Font Info:    Try loading font information for U+msa on input line 33.
 (c:/texlive/2017/texmf-dist/tex/latex/amsfonts/umsa.fd
File: umsa.fd 2013/01/14 v3.01 AMS symbols A
)
LaTeX Font Info:    Try loading font information for U+msb on input line 33.

(c:/texlive/2017/texmf-dist/tex/latex/amsfonts/umsb.fd
File: umsb.fd 2013/01/14 v3.01 AMS symbols B
)
LaTeX Font Info:    Try loading font information for OT1+mathkerncmss on input 
line 33.

(c:/texlive/2017/texmf-dist/tex/latex/sansmathaccent/ot1mathkerncmss.fd
File: ot1mathkerncmss.fd 2013/03/27 Fontinst v1.933 font definitions for OT1/ma
thkerncmss.
)
[3

]

Package amsfonts Warning: Obsolete command \bold; \mathbf should be used instea
d on input line 42.

[4

] [5

]
LaTeX Font Info:    Try loading font information for OMS+cmss on input line 63.

LaTeX Font Info:    No file OMScmss.fd. on input line 63.


LaTeX Font Warning: Font shape `OMS/cmss/m/n' undefined
(Font)              using `OMS/cmsy/m/n' instead
(Font)              for symbol `textbullet' on input line 63.

[6

] [7

]
Package epstopdf Info: Source file: <./image/hd.eps>
(epstopdf)                    date: 2018-02-09 13:04:38
(epstopdf)                    size: 1748122 bytes
(epstopdf)             Output file: <./image/hd-eps-converted-to.pdf>
(epstopdf)                    date: 2018-02-09 13:04:38
(epstopdf)                    size: 34146 bytes
(epstopdf)             Command: <repstopdf --outfile=./image/hd-eps-converted-t
o.pdf ./image/hd.eps>
(epstopdf)             \includegraphics on input line 75.
Package epstopdf Info: Output file is already uptodate.
 <./image/hd-eps-converted-to.pdf, id=97, 722.7pt x 629.35126pt>
File: ./image/hd-eps-converted-to.pdf Graphic file (type pdf)

<use ./image/hd-eps-converted-to.pdf>
Package pdftex.def Info: ./image/hd-eps-converted-to.pdf used on input line 75.

(pdftex.def)             Requested size: 144.53743pt x 125.86801pt.

Overfull \vbox (4.29068pt too high) detected at line 75
 []

[8

 <./image/hd-eps-converted-to.pdf>]
Package epstopdf Info: Source file: <./image/ld.eps>
(epstopdf)                    date: 2018-02-09 13:04:38
(epstopdf)                    size: 1769855 bytes
(epstopdf)             Output file: <./image/ld-eps-converted-to.pdf>
(epstopdf)                    date: 2018-02-09 13:04:38
(epstopdf)                    size: 38212 bytes
(epstopdf)             Command: <repstopdf --outfile=./image/ld-eps-converted-t
o.pdf ./image/ld.eps>
(epstopdf)             \includegraphics on input line 87.
Package epstopdf Info: Output file is already uptodate.

<./image/ld-eps-converted-to.pdf, id=108, 762.85pt x 605.26125pt>
File: ./image/ld-eps-converted-to.pdf Graphic file (type pdf)

<use ./image/ld-eps-converted-to.pdf>
Package pdftex.def Info: ./image/ld-eps-converted-to.pdf used on input line 87.

(pdftex.def)             Requested size: 152.56729pt x 121.0501pt.
 [9

 <./image/ld-eps-converted-to.pdf>]
[10

] [11

]
Package epstopdf Info: Source file: <./image/tsne1.eps>
(epstopdf)                    date: 2018-02-09 12:50:32
(epstopdf)                    size: 20994 bytes
(epstopdf)             Output file: <./image/tsne1-eps-converted-to.pdf>
(epstopdf)                    date: 2018-02-09 12:50:32
(epstopdf)                    size: 9324 bytes
(epstopdf)             Command: <repstopdf --outfile=./image/tsne1-eps-converte
d-to.pdf ./image/tsne1.eps>
(epstopdf)             \includegraphics on input line 125.
Package epstopdf Info: Output file is already uptodate.

<./image/tsne1-eps-converted-to.pdf, id=127, 685.56125pt x 284.06125pt>
File: ./image/tsne1-eps-converted-to.pdf Graphic file (type pdf)

<use ./image/tsne1-eps-converted-to.pdf>
Package pdftex.def Info: ./image/tsne1-eps-converted-to.pdf used on input line 
125.
(pdftex.def)             Requested size: 239.95003pt x 99.42291pt.
 [12

 <./image/tsne1-eps-converted-to.pdf>]
Package epstopdf Info: Source file: <./image/sne.eps>
(epstopdf)                    date: 2018-02-09 12:50:32
(epstopdf)                    size: 247489 bytes
(epstopdf)             Output file: <./image/sne-eps-converted-to.pdf>
(epstopdf)                    date: 2018-02-09 13:04:38
(epstopdf)                    size: 141908 bytes
(epstopdf)             Command: <repstopdf --outfile=./image/sne-eps-converted-
to.pdf ./image/sne.eps>
(epstopdf)             \includegraphics on input line 132.
Package epstopdf Info: Output file is already uptodate.
 <./image/sne-eps-converted-to.pdf, id=136, 721.69624pt x 715.67375pt>
File: ./image/sne-eps-converted-to.pdf Graphic file (type pdf)

<use ./image/sne-eps-converted-to.pdf>
Package pdftex.def Info: ./image/sne-eps-converted-to.pdf used on input line 13
2.
(pdftex.def)             Requested size: 216.51054pt x 214.70378pt.

Overfull \vbox (7.93968pt too high) detected at line 132
 []

[13

 <./image/sne-eps-converted-to.pdf>] [14

] [15

]
Package epstopdf Info: Source file: <./image/tsne2.eps>
(epstopdf)                    date: 2018-02-09 12:50:32
(epstopdf)                    size: 27602 bytes
(epstopdf)             Output file: <./image/tsne2-eps-converted-to.pdf>
(epstopdf)                    date: 2018-02-09 12:50:32
(epstopdf)                    size: 13952 bytes
(epstopdf)             Command: <repstopdf --outfile=./image/tsne2-eps-converte
d-to.pdf ./image/tsne2.eps>
(epstopdf)             \includegraphics on input line 153.
Package epstopdf Info: Output file is already uptodate.

<./image/tsne2-eps-converted-to.pdf, id=157, 462.72874pt x 346.29375pt>
File: ./image/tsne2-eps-converted-to.pdf Graphic file (type pdf)

<use ./image/tsne2-eps-converted-to.pdf>
Package pdftex.def Info: ./image/tsne2-eps-converted-to.pdf used on input line 
153.
(pdftex.def)             Requested size: 231.3638pt x 173.14644pt.

Overfull \vbox (0.92664pt too high) detected at line 153
 []

[16

 <./image/tsne2-eps-converted-to.pdf>]
Package epstopdf Info: Source file: <./image/tsne5.eps>
(epstopdf)                    date: 2018-02-09 13:06:11
(epstopdf)                    size: 31584 bytes
(epstopdf)             Output file: <./image/tsne5-eps-converted-to.pdf>
(epstopdf)                    date: 2018-02-09 13:04:38
(epstopdf)                    size: 15261 bytes
(epstopdf)             Command: <repstopdf --outfile=./image/tsne5-eps-converte
d-to.pdf ./image/tsne5.eps>
(epstopdf)             \includegraphics on input line 164.
runsystem(repstopdf --outfile=./image/tsne5-eps-converted-to.pdf ./image/tsne5.
eps)...executed safely (allowed).

Package epstopdf Info: Result file: <./image/tsne5-eps-converted-to.pdf>
(epstopdf)                    date: 2018-02-09 13:06:24
(epstopdf)                    size: 15252 bytes.

<./image/tsne5-eps-converted-to.pdf, id=196, 462.72874pt x 346.29375pt>
File: ./image/tsne5-eps-converted-to.pdf Graphic file (type pdf)

<use ./image/tsne5-eps-converted-to.pdf>
Package pdftex.def Info: ./image/tsne5-eps-converted-to.pdf used on input line 
164.
(pdftex.def)             Requested size: 208.22601pt x 155.83073pt.

Overfull \vbox (7.51534pt too high) detected at line 164
 []

[17

 <./image/tsne5-eps-converted-to.pdf>] [18

]
Package epstopdf Info: Source file: <./image/experiment/example.eps>
(epstopdf)                    date: 2018-02-09 12:50:31
(epstopdf)                    size: 847204 bytes
(epstopdf)             Output file: <./image/experiment/example-eps-converted-t
o.pdf>
(epstopdf)                    date: 2018-02-09 12:50:31
(epstopdf)                    size: 36412 bytes
(epstopdf)             Command: <repstopdf --outfile=./image/experiment/example
-eps-converted-to.pdf ./image/experiment/example.eps>
(epstopdf)             \includegraphics on input line 173.
Package epstopdf Info: Output file is already uptodate.

<./image/experiment/example-eps-converted-to.pdf, id=244, 462.72874pt x 346.293
75pt>
File: ./image/experiment/example-eps-converted-to.pdf Graphic file (type pdf)
 <use ./image/experiment/example-eps-converted-to.pdf>
Package pdftex.def Info: ./image/experiment/example-eps-converted-to.pdf used o
n input line 173.
(pdftex.def)             Requested size: 300.77011pt x 225.08826pt.

Overfull \vbox (18.32416pt too high) detected at line 173
 []

[19

 <./image/experiment/example-eps-converted-to.pdf>]
Package epstopdf Info: Source file: <./image/experiment/pca.eps>
(epstopdf)                    date: 2018-02-09 12:50:31
(epstopdf)                    size: 271937 bytes
(epstopdf)             Output file: <./image/experiment/pca-eps-converted-to.pd
f>
(epstopdf)                    date: 2018-02-09 12:50:31
(epstopdf)                    size: 42083 bytes
(epstopdf)             Command: <repstopdf --outfile=./image/experiment/pca-eps
-converted-to.pdf ./image/experiment/pca.eps>
(epstopdf)             \includegraphics on input line 181.
Package epstopdf Info: Output file is already uptodate.

<./image/experiment/pca-eps-converted-to.pdf, id=276, 462.72874pt x 346.29375pt
>
File: ./image/experiment/pca-eps-converted-to.pdf Graphic file (type pdf)
 <use ./image/experiment/pca-eps-converted-to.pdf>
Package pdftex.def Info: ./image/experiment/pca-eps-converted-to.pdf used on in
put line 181.
(pdftex.def)             Requested size: 300.77011pt x 225.08826pt.

Overfull \vbox (18.32416pt too high) detected at line 181
 []

[20

 <./image/experiment/pca-eps-converted-to.pdf>]
Package epstopdf Info: Source file: <./image/experiment/lda.eps>
(epstopdf)                    date: 2018-02-09 12:50:31
(epstopdf)                    size: 256505 bytes
(epstopdf)             Output file: <./image/experiment/lda-eps-converted-to.pd
f>
(epstopdf)                    date: 2018-02-09 12:50:31
(epstopdf)                    size: 39798 bytes
(epstopdf)             Command: <repstopdf --outfile=./image/experiment/lda-eps
-converted-to.pdf ./image/experiment/lda.eps>
(epstopdf)             \includegraphics on input line 189.
Package epstopdf Info: Output file is already uptodate.

<./image/experiment/lda-eps-converted-to.pdf, id=319, 462.72874pt x 346.29375pt
>
File: ./image/experiment/lda-eps-converted-to.pdf Graphic file (type pdf)
 <use ./image/experiment/lda-eps-converted-to.pdf>
Package pdftex.def Info: ./image/experiment/lda-eps-converted-to.pdf used on in
put line 189.
(pdftex.def)             Requested size: 300.77011pt x 225.08826pt.

Overfull \vbox (18.32416pt too high) detected at line 189
 []

[21

 <./image/experiment/lda-eps-converted-to.pdf>]
Package epstopdf Info: Source file: <./image/experiment/mds.eps>
(epstopdf)                    date: 2018-02-09 12:50:31
(epstopdf)                    size: 297292 bytes
(epstopdf)             Output file: <./image/experiment/mds-eps-converted-to.pd
f>
(epstopdf)                    date: 2018-02-09 12:50:31
(epstopdf)                    size: 44457 bytes
(epstopdf)             Command: <repstopdf --outfile=./image/experiment/mds-eps
-converted-to.pdf ./image/experiment/mds.eps>
(epstopdf)             \includegraphics on input line 196.
Package epstopdf Info: Output file is already uptodate.

<./image/experiment/mds-eps-converted-to.pdf, id=361, 462.72874pt x 346.29375pt
>
File: ./image/experiment/mds-eps-converted-to.pdf Graphic file (type pdf)
 <use ./image/experiment/mds-eps-converted-to.pdf>
Package pdftex.def Info: ./image/experiment/mds-eps-converted-to.pdf used on in
put line 196.
(pdftex.def)             Requested size: 300.77011pt x 225.08826pt.

Overfull \vbox (18.32416pt too high) detected at line 196
 []

[22

 <./image/experiment/mds-eps-converted-to.pdf>]
Package epstopdf Info: Source file: <./image/experiment/isomap.eps>
(epstopdf)                    date: 2018-02-09 12:50:31
(epstopdf)                    size: 263076 bytes
(epstopdf)             Output file: <./image/experiment/isomap-eps-converted-to
.pdf>
(epstopdf)                    date: 2018-02-09 12:50:31
(epstopdf)                    size: 40886 bytes
(epstopdf)             Command: <repstopdf --outfile=./image/experiment/isomap-
eps-converted-to.pdf ./image/experiment/isomap.eps>
(epstopdf)             \includegraphics on input line 204.
Package epstopdf Info: Output file is already uptodate.

<./image/experiment/isomap-eps-converted-to.pdf, id=400, 462.72874pt x 346.2937
5pt>
File: ./image/experiment/isomap-eps-converted-to.pdf Graphic file (type pdf)
 <use ./image/experiment/isomap-eps-converted-to.pdf>
Package pdftex.def Info: ./image/experiment/isomap-eps-converted-to.pdf used on
 input line 204.
(pdftex.def)             Requested size: 300.77011pt x 225.08826pt.

Overfull \vbox (18.32416pt too high) detected at line 204
 []

[23

 <./image/experiment/isomap-eps-converted-to.pdf>]
Package epstopdf Info: Source file: <./image/experiment/lle.eps>
(epstopdf)                    date: 2018-02-09 12:50:31
(epstopdf)                    size: 247385 bytes
(epstopdf)             Output file: <./image/experiment/lle-eps-converted-to.pd
f>
(epstopdf)                    date: 2018-02-09 12:50:31
(epstopdf)                    size: 38742 bytes
(epstopdf)             Command: <repstopdf --outfile=./image/experiment/lle-eps
-converted-to.pdf ./image/experiment/lle.eps>
(epstopdf)             \includegraphics on input line 211.
Package epstopdf Info: Output file is already uptodate.

<./image/experiment/lle-eps-converted-to.pdf, id=442, 462.72874pt x 346.29375pt
>
File: ./image/experiment/lle-eps-converted-to.pdf Graphic file (type pdf)
 <use ./image/experiment/lle-eps-converted-to.pdf>
Package pdftex.def Info: ./image/experiment/lle-eps-converted-to.pdf used on in
put line 211.
(pdftex.def)             Requested size: 300.77011pt x 225.08826pt.

Overfull \vbox (18.32416pt too high) detected at line 211
 []

[24

 <./image/experiment/lle-eps-converted-to.pdf>]
Package epstopdf Info: Source file: <./image/experiment/hlle.eps>
(epstopdf)                    date: 2018-02-09 12:50:31
(epstopdf)                    size: 185959 bytes
(epstopdf)             Output file: <./image/experiment/hlle-eps-converted-to.p
df>
(epstopdf)                    date: 2018-02-09 12:50:31
(epstopdf)                    size: 30248 bytes
(epstopdf)             Command: <repstopdf --outfile=./image/experiment/hlle-ep
s-converted-to.pdf ./image/experiment/hlle.eps>
(epstopdf)             \includegraphics on input line 218.
Package epstopdf Info: Output file is already uptodate.

<./image/experiment/hlle-eps-converted-to.pdf, id=486, 462.72874pt x 346.29375p
t>
File: ./image/experiment/hlle-eps-converted-to.pdf Graphic file (type pdf)
 <use ./image/experiment/hlle-eps-converted-to.pdf>
Package pdftex.def Info: ./image/experiment/hlle-eps-converted-to.pdf used on i
nput line 218.
(pdftex.def)             Requested size: 300.77011pt x 225.08826pt.

Overfull \vbox (18.32416pt too high) detected at line 218
 []

[25

 <./image/experiment/hlle-eps-converted-to.pdf>]
Package epstopdf Info: Source file: <./image/experiment/le.eps>
(epstopdf)                    date: 2018-02-09 12:50:31
(epstopdf)                    size: 215362 bytes
(epstopdf)             Output file: <./image/experiment/le-eps-converted-to.pdf
>
(epstopdf)                    date: 2018-02-09 12:50:31
(epstopdf)                    size: 35155 bytes
(epstopdf)             Command: <repstopdf --outfile=./image/experiment/le-eps-
converted-to.pdf ./image/experiment/le.eps>
(epstopdf)             \includegraphics on input line 225.
Package epstopdf Info: Output file is already uptodate.

<./image/experiment/le-eps-converted-to.pdf, id=532, 462.72874pt x 346.29375pt>
File: ./image/experiment/le-eps-converted-to.pdf Graphic file (type pdf)
<use ./image/experiment/le-eps-converted-to.pdf>
Package pdftex.def Info: ./image/experiment/le-eps-converted-to.pdf used on inp
ut line 225.
(pdftex.def)             Requested size: 300.77011pt x 225.08826pt.

Overfull \vbox (18.32416pt too high) detected at line 225
 []

[26

 <./image/experiment/le-eps-converted-to.pdf>]
Package epstopdf Info: Source file: <./image/experiment/ltsa.eps>
(epstopdf)                    date: 2018-02-09 12:50:31
(epstopdf)                    size: 187049 bytes
(epstopdf)             Output file: <./image/experiment/ltsa-eps-converted-to.p
df>
(epstopdf)                    date: 2018-02-09 12:50:31
(epstopdf)                    size: 30905 bytes
(epstopdf)             Command: <repstopdf --outfile=./image/experiment/ltsa-ep
s-converted-to.pdf ./image/experiment/ltsa.eps>
(epstopdf)             \includegraphics on input line 232.
Package epstopdf Info: Output file is already uptodate.

<./image/experiment/ltsa-eps-converted-to.pdf, id=575, 462.72874pt x 346.29375p
t>
File: ./image/experiment/ltsa-eps-converted-to.pdf Graphic file (type pdf)
 <use ./image/experiment/ltsa-eps-converted-to.pdf>
Package pdftex.def Info: ./image/experiment/ltsa-eps-converted-to.pdf used on i
nput line 232.
(pdftex.def)             Requested size: 300.77011pt x 225.08826pt.

Overfull \vbox (18.32416pt too high) detected at line 232
 []

[27

 <./image/experiment/ltsa-eps-converted-to.pdf>]
Package epstopdf Info: Source file: <./image/experiment/tsne.eps>
(epstopdf)                    date: 2018-02-09 12:50:32
(epstopdf)                    size: 230428 bytes
(epstopdf)             Output file: <./image/experiment/tsne-eps-converted-to.p
df>
(epstopdf)                    date: 2018-02-09 12:50:32
(epstopdf)                    size: 35846 bytes
(epstopdf)             Command: <repstopdf --outfile=./image/experiment/tsne-ep
s-converted-to.pdf ./image/experiment/tsne.eps>
(epstopdf)             \includegraphics on input line 239.
Package epstopdf Info: Output file is already uptodate.

<./image/experiment/tsne-eps-converted-to.pdf, id=620, 462.72874pt x 346.29375p
t>
File: ./image/experiment/tsne-eps-converted-to.pdf Graphic file (type pdf)
 <use ./image/experiment/tsne-eps-converted-to.pdf>
Package pdftex.def Info: ./image/experiment/tsne-eps-converted-to.pdf used on i
nput line 239.
(pdftex.def)             Requested size: 300.77011pt x 225.08826pt.

Overfull \vbox (18.32416pt too high) detected at line 239
 []

[28

 <./image/experiment/tsne-eps-converted-to.pdf>] [29

] [30

] [31

] [32

]
[33

]
\tf@nav=\write6
\openout6 = `demo.nav'.

\tf@toc=\write7
\openout7 = `demo.toc'.

\tf@snm=\write8
\openout8 = `demo.snm'.

Package atveryend Info: Empty hook `BeforeClearDocument' on input line 262.
Package atveryend Info: Empty hook `AfterLastShipout' on input line 262.
 (./demo.aux)
Package atveryend Info: Executing hook `AtVeryEndDocument' on input line 262.
Package atveryend Info: Executing hook `AtEndAfterFileList' on input line 262.
Package rerunfilecheck Info: File `demo.out' has not changed.
(rerunfilecheck)             Checksum: 428112544172BEDC74302F89072293E3;349.


LaTeX Font Warning: Size substitutions with differences
(Font)              up to 1.0pt have occurred.


LaTeX Font Warning: Some font shapes were not available, defaults substituted.

 ) 
Here is how much of TeX's memory you used:
 30711 strings out of 492995
 745736 string characters out of 6136403
 961391 words of memory out of 5000000
 33539 multiletter control sequences out of 15000+600000
 10298 words of font info for 38 fonts, out of 8000000 for 9000
 1141 hyphenation exceptions out of 8191
 71i,13n,98p,1889b,711s stack positions out of 5000i,500n,10000p,200000b,80000s
<c:/texlive/2017/texmf-dist/fonts/type1/public/amsfonts/cm/cmex10.pfb><c:/tex
live/2017/texmf-dist/fonts/type1/public/amsfonts/cm/cmmi10.pfb><c:/texlive/2017
/texmf-dist/fonts/type1/public/amsfonts/cm/cmr10.pfb><c:/texlive/2017/texmf-dis
t/fonts/type1/public/amsfonts/cm/cmss10.pfb><c:/texlive/2017/texmf-dist/fonts/t
ype1/public/amsfonts/cm/cmss12.pfb><c:/texlive/2017/texmf-dist/fonts/type1/publ
ic/amsfonts/cm/cmss17.pfb><c:/texlive/2017/texmf-dist/fonts/type1/public/amsfon
ts/cm/cmss8.pfb><c:/texlive/2017/texmf-dist/fonts/type1/public/amsfonts/cm/cmss
9.pfb><c:/texlive/2017/texmf-dist/fonts/type1/public/amsfonts/cm/cmssbx10.pfb><
c:/texlive/2017/texmf-dist/fonts/type1/public/amsfonts/cm/cmssi10.pfb><c:/texli
ve/2017/texmf-dist/fonts/type1/public/amsfonts/cm/cmssi8.pfb><c:/texlive/2017/t
exmf-dist/fonts/type1/public/amsfonts/cm/cmsy10.pfb><c:/texlive/2017/texmf-dist
/fonts/type1/public/amsfonts/cm/cmsy7.pfb><c:/texlive/2017/texmf-dist/fonts/typ
e1/public/amsfonts/cm/cmtt10.pfb><c:/texlive/2017/texmf-dist/fonts/type1/public
/amsfonts/symbols/msbm10.pfb>
Output written on demo.pdf (33 pages, 741547 bytes).
PDF statistics:
 761 PDF objects out of 1000 (max. 8388607)
 327 compressed objects within 4 object streams
 73 named destinations out of 1000 (max. 500000)
 171 words of extra memory for PDF output out of 10000 (max. 10000000)

